1586115447.688494 client started (29517): version 2.6, socket /tmp/tmux-1000/default, protocol 8
1586115447.688549 on Linux 5.3.0-45-generic #37~18.04.1-Ubuntu SMP Fri Mar 27 15:58:10 UTC 2020; libevent 2.1.8-stable (poll)
1586115447.688583 socket is /tmp/tmux-1000/default
1586115447.688605 trying connect
1586115447.688739 add peer 0x55ee66c8e770: 6 ((nil))
1586115447.689024 sending message 100 to peer 0x55ee66c8e770 (4 bytes)
1586115447.689048 sending message 101 to peer 0x55ee66c8e770 (16 bytes)
1586115447.689058 sending message 102 to peer 0x55ee66c8e770 (11 bytes)
1586115447.689067 sending message 108 to peer 0x55ee66c8e770 (39 bytes)
1586115447.689077 sending message 104 to peer 0x55ee66c8e770 (0 bytes)
1586115447.689088 sending message 107 to peer 0x55ee66c8e770 (4 bytes)
1586115447.689098 sending message 105 to peer 0x55ee66c8e770 (1516 bytes)
1586115447.689130 sending message 105 to peer 0x55ee66c8e770 (54 bytes)
1586115447.689140 sending message 105 to peer 0x55ee66c8e770 (34 bytes)
1586115447.689150 sending message 105 to peer 0x55ee66c8e770 (22 bytes)
1586115447.689159 sending message 105 to peer 0x55ee66c8e770 (17 bytes)
1586115447.689168 sending message 105 to peer 0x55ee66c8e770 (15 bytes)
1586115447.689177 sending message 105 to peer 0x55ee66c8e770 (13 bytes)
1586115447.689186 sending message 105 to peer 0x55ee66c8e770 (28 bytes)
1586115447.689195 sending message 105 to peer 0x55ee66c8e770 (40 bytes)
1586115447.689204 sending message 105 to peer 0x55ee66c8e770 (56 bytes)
1586115447.689214 sending message 105 to peer 0x55ee66c8e770 (58 bytes)
1586115447.689223 sending message 105 to peer 0x55ee66c8e770 (24 bytes)
1586115447.689232 sending message 105 to peer 0x55ee66c8e770 (52 bytes)
1586115447.689241 sending message 105 to peer 0x55ee66c8e770 (20 bytes)
1586115447.689249 sending message 105 to peer 0x55ee66c8e770 (56 bytes)
1586115447.689258 sending message 105 to peer 0x55ee66c8e770 (11 bytes)
1586115447.689267 sending message 105 to peer 0x55ee66c8e770 (60 bytes)
1586115447.689276 sending message 105 to peer 0x55ee66c8e770 (41 bytes)
1586115447.689286 sending message 105 to peer 0x55ee66c8e770 (56 bytes)
1586115447.689296 sending message 105 to peer 0x55ee66c8e770 (14 bytes)
1586115447.689305 sending message 105 to peer 0x55ee66c8e770 (21 bytes)
1586115447.689314 sending message 105 to peer 0x55ee66c8e770 (18 bytes)
1586115447.689322 sending message 105 to peer 0x55ee66c8e770 (50 bytes)
1586115447.689331 sending message 105 to peer 0x55ee66c8e770 (12 bytes)
1586115447.689341 sending message 105 to peer 0x55ee66c8e770 (20 bytes)
1586115447.689350 sending message 105 to peer 0x55ee66c8e770 (24 bytes)
1586115447.689360 sending message 105 to peer 0x55ee66c8e770 (60 bytes)
1586115447.689392 sending message 105 to peer 0x55ee66c8e770 (33 bytes)
1586115447.689412 sending message 105 to peer 0x55ee66c8e770 (56 bytes)
1586115447.689423 sending message 105 to peer 0x55ee66c8e770 (64 bytes)
1586115447.689432 sending message 105 to peer 0x55ee66c8e770 (26 bytes)
1586115447.689441 sending message 105 to peer 0x55ee66c8e770 (43 bytes)
1586115447.689451 sending message 105 to peer 0x55ee66c8e770 (18 bytes)
1586115447.689460 sending message 105 to peer 0x55ee66c8e770 (21 bytes)
1586115447.689470 sending message 105 to peer 0x55ee66c8e770 (20 bytes)
1586115447.689479 sending message 105 to peer 0x55ee66c8e770 (56 bytes)
1586115447.689488 sending message 105 to peer 0x55ee66c8e770 (19 bytes)
1586115447.689496 sending message 105 to peer 0x55ee66c8e770 (36 bytes)
1586115447.689505 sending message 105 to peer 0x55ee66c8e770 (21 bytes)
1586115447.689516 sending message 105 to peer 0x55ee66c8e770 (112 bytes)
1586115447.689525 sending message 105 to peer 0x55ee66c8e770 (58 bytes)
1586115447.689535 sending message 105 to peer 0x55ee66c8e770 (28 bytes)
1586115447.689544 sending message 105 to peer 0x55ee66c8e770 (54 bytes)
1586115447.689554 sending message 105 to peer 0x55ee66c8e770 (56 bytes)
1586115447.689562 sending message 105 to peer 0x55ee66c8e770 (52 bytes)
1586115447.689571 sending message 105 to peer 0x55ee66c8e770 (58 bytes)
1586115447.689597 sending message 105 to peer 0x55ee66c8e770 (54 bytes)
1586115447.689607 sending message 105 to peer 0x55ee66c8e770 (20 bytes)
1586115447.689617 sending message 105 to peer 0x55ee66c8e770 (20 bytes)
1586115447.689626 sending message 105 to peer 0x55ee66c8e770 (17 bytes)
1586115447.689636 sending message 105 to peer 0x55ee66c8e770 (21 bytes)
1586115447.689645 sending message 105 to peer 0x55ee66c8e770 (16 bytes)
1586115447.689653 sending message 105 to peer 0x55ee66c8e770 (52 bytes)
1586115447.689662 sending message 105 to peer 0x55ee66c8e770 (18 bytes)
1586115447.689671 sending message 105 to peer 0x55ee66c8e770 (25 bytes)
1586115447.689679 sending message 105 to peer 0x55ee66c8e770 (52 bytes)
1586115447.689689 sending message 105 to peer 0x55ee66c8e770 (56 bytes)
1586115447.689699 sending message 105 to peer 0x55ee66c8e770 (13 bytes)
1586115447.689708 sending message 105 to peer 0x55ee66c8e770 (15 bytes)
1586115447.689717 sending message 105 to peer 0x55ee66c8e770 (8 bytes)
1586115447.689727 sending message 105 to peer 0x55ee66c8e770 (15 bytes)
1586115447.689736 sending message 105 to peer 0x55ee66c8e770 (18 bytes)
1586115447.689745 sending message 105 to peer 0x55ee66c8e770 (52 bytes)
1586115447.689753 sending message 105 to peer 0x55ee66c8e770 (19 bytes)
1586115447.689771 sending message 105 to peer 0x55ee66c8e770 (15 bytes)
1586115447.689786 sending message 105 to peer 0x55ee66c8e770 (54 bytes)
1586115447.689801 sending message 105 to peer 0x55ee66c8e770 (31 bytes)
1586115447.689814 sending message 105 to peer 0x55ee66c8e770 (36 bytes)
1586115447.689828 sending message 105 to peer 0x55ee66c8e770 (58 bytes)
1586115447.689842 sending message 105 to peer 0x55ee66c8e770 (64 bytes)
1586115447.689857 sending message 105 to peer 0x55ee66c8e770 (55 bytes)
1586115447.689867 sending message 105 to peer 0x55ee66c8e770 (174 bytes)
1586115447.689877 sending message 105 to peer 0x55ee66c8e770 (52 bytes)
1586115447.689886 sending message 105 to peer 0x55ee66c8e770 (97 bytes)
1586115447.689895 sending message 105 to peer 0x55ee66c8e770 (52 bytes)
1586115447.689904 sending message 105 to peer 0x55ee66c8e770 (54 bytes)
1586115447.689912 sending message 105 to peer 0x55ee66c8e770 (52 bytes)
1586115447.689921 sending message 105 to peer 0x55ee66c8e770 (58 bytes)
1586115447.689929 sending message 105 to peer 0x55ee66c8e770 (52 bytes)
1586115447.689939 sending message 105 to peer 0x55ee66c8e770 (80 bytes)
1586115447.689948 sending message 105 to peer 0x55ee66c8e770 (52 bytes)
1586115447.689956 sending message 105 to peer 0x55ee66c8e770 (32 bytes)
1586115447.689965 sending message 105 to peer 0x55ee66c8e770 (16 bytes)
1586115447.689973 sending message 105 to peer 0x55ee66c8e770 (16 bytes)
1586115447.689982 sending message 106 to peer 0x55ee66c8e770 (0 bytes)
1586115447.689998 sending message 200 to peer 0x55ee66c8e770 (4 bytes)
1586115447.690007 client loop enter
1586115447.690990 peer 0x55ee66c8e770 message 211
1586115447.691039 peer 0x55ee66c8e770 message 203
1586115447.691054 client loop exit
